<?xml version="1.0" encoding="UTF-8"?>
<testng-results ignored="0" total="1" passed="1" failed="0" skipped="0">
  <reporter-output>
  </reporter-output>
  <suite started-at="2022-12-14T17:35:23 IST" name="Default suite" finished-at="2022-12-14T17:35:37 IST" duration-ms="13892">
    <groups>
    </groups>
    <test started-at="2022-12-14T17:35:23 IST" name="Default test" finished-at="2022-12-14T17:35:37 IST" duration-ms="13892">
      <class name="com.learnautomation.main.MainTest">
        <test-method is-config="true" signature="dataFilesetUp()[pri:0, instance:com.learnautomation.main.MainTest@1151e434]" started-at="2022-12-14T17:35:22 IST" name="dataFilesetUp" finished-at="2022-12-14T17:35:23 IST" duration-ms="932" status="PASS">
          <reporter-output>
          </reporter-output>
        </test-method> <!-- dataFilesetUp -->
        <test-method is-config="true" signature="setUp()[pri:0, instance:com.learnautomation.main.MainTest@1151e434]" started-at="2022-12-14T17:35:23 IST" name="setUp" finished-at="2022-12-14T17:35:36 IST" duration-ms="12629" status="PASS">
          <reporter-output>
          </reporter-output>
        </test-method> <!-- setUp -->
        <test-method signature="loginApp()[pri:0, instance:com.learnautomation.main.MainTest@1151e434]" started-at="2022-12-14T17:35:36 IST" name="loginApp" finished-at="2022-12-14T17:35:36 IST" duration-ms="339" status="PASS">
          <reporter-output>
          </reporter-output>
        </test-method> <!-- loginApp -->
        <test-method is-config="true" signature="tearDownMethod(org.testng.ITestResult)[pri:0, instance:com.learnautomation.main.MainTest@1151e434]" started-at="2022-12-14T17:35:36 IST" name="tearDownMethod" finished-at="2022-12-14T17:35:37 IST" duration-ms="647" status="PASS">
          <params>
            <param index="0">
              <value>
                <![CDATA[[TestResult name=loginApp status=SUCCESS method=MainTest.loginApp()[pri:0, instance:com.learnautomation.main.MainTest@1151e434] output={null}]]]>
              </value>
            </param>
          </params>
          <reporter-output>
          </reporter-output>
        </test-method> <!-- tearDownMethod -->
        <test-method is-config="true" signature="teardown()[pri:0, instance:com.learnautomation.main.MainTest@1151e434]" started-at="2022-12-14T17:35:37 IST" name="teardown" finished-at="2022-12-14T17:35:37 IST" duration-ms="212" status="PASS">
          <reporter-output>
          </reporter-output>
        </test-method> <!-- teardown -->
      </class> <!-- com.learnautomation.main.MainTest -->
    </test> <!-- Default test -->
  </suite> <!-- Default suite -->
</testng-results>
